[2023-08-29 04:38:06,776][read_data.py 43][INFO]: 加载 D:\Python_Workspace\qgzxtest\/data/add_position_data.yml 文件......
[2023-08-29 04:38:06,779][read_data.py 46][INFO]: 读到数据 ==>>  {'test_add_position': [{'jobname': '121', 'counts': '211', 'date': '2021-1-1 6:6:6', 'description': '岗位介绍11111111111'}], 'test_invalid_add_position': [{'jobname': '1', 'counts': '1', 'date': '2021-1-1 6:6:6', 'description': '1'}]} 
[2023-08-29 04:38:08,947][test_add_position.py 32][INFO]: *************** 开始执行新增岗位成功用例 ***************
[2023-08-29 04:38:08,949][BasePage.py 212][INFO]: 向定位方式 "xpath" 为 "//*[@id="app"]/div/div[2]/div/div/form/div[1]/div/div[1]/input" 的元素输入数据: "admin"
[2023-08-29 04:38:08,949][BasePage.py 60][INFO]: [Info:开始通过 "xpath" 查找元素 "//*[@id="app"]/div/div[2]/div/div/form/div[1]/div/div[1]/input"!]
[2023-08-29 04:38:09,075][BasePage.py 212][INFO]: 向定位方式 "xpath" 为 "//*[@id="app"]/div/div[2]/div/div/form/div[2]/div/div[1]/input" 的元素输入数据: "admin"
[2023-08-29 04:38:09,075][BasePage.py 60][INFO]: [Info:开始通过 "xpath" 查找元素 "//*[@id="app"]/div/div[2]/div/div/form/div[2]/div/div[1]/input"!]
[2023-08-29 04:38:09,196][BasePage.py 78][INFO]: [Info:开始通过 "class_name" 查找元素(elements) "el-radio__input"!]
[2023-08-29 04:38:09,256][BasePage.py 237][INFO]: 点击定位方式 "id" 为 "successBtn" 的元素
[2023-08-29 04:38:09,289][BasePage.py 111][INFO]: 元素 "successBtn" 可点击
[2023-08-29 04:38:09,334][BasePage.py 237][INFO]: 点击定位方式 "xpath" 为 "//li[text()="新增岗位"]" 的元素
[2023-08-29 04:38:09,873][BasePage.py 111][INFO]: 元素 "//li[text()="新增岗位"]" 可点击
[2023-08-29 04:38:09,906][BasePage.py 212][INFO]: 向定位方式 "xpath" 为 "//label[@for='jobname']/following-sibling::div/descendant::input" 的元素输入数据: "121"
[2023-08-29 04:38:09,906][BasePage.py 60][INFO]: [Info:开始通过 "xpath" 查找元素 "//label[@for='jobname']/following-sibling::div/descendant::input"!]
[2023-08-29 04:38:10,037][BasePage.py 225][INFO]: 正在清理定位方式 "xpath" 为 "//label[@for='counts']/following-sibling::div/descendant::input" 的元素中的数据
[2023-08-29 04:38:10,037][BasePage.py 60][INFO]: [Info:开始通过 "xpath" 查找元素 "//label[@for='counts']/following-sibling::div/descendant::input"!]
[2023-08-29 04:38:10,099][BasePage.py 212][INFO]: 向定位方式 "xpath" 为 "//label[@for='counts']/following-sibling::div/descendant::input" 的元素输入数据: "211"
[2023-08-29 04:38:10,099][BasePage.py 60][INFO]: [Info:开始通过 "xpath" 查找元素 "//label[@for='counts']/following-sibling::div/descendant::input"!]
[2023-08-29 04:38:10,180][BasePage.py 212][INFO]: 向定位方式 "xpath" 为 "//label[@for='overTime']/following-sibling::div/descendant::input" 的元素输入数据: "2021-1-1 6:6:6"
[2023-08-29 04:38:10,180][BasePage.py 60][INFO]: [Info:开始通过 "xpath" 查找元素 "//label[@for='overTime']/following-sibling::div/descendant::input"!]
[2023-08-29 04:38:10,351][BasePage.py 249][INFO]: 强制休眠 "1" 秒
[2023-08-29 04:38:11,351][BasePage.py 237][INFO]: 点击定位方式 "xpath" 为 "//div[@class="el-picker-panel__footer"]/button[contains(span, '确定')]" 的元素
[2023-08-29 04:38:11,380][BasePage.py 111][INFO]: 元素 "//div[@class="el-picker-panel__footer"]/button[contains(span, '确定')]" 可点击
[2023-08-29 04:38:11,442][BasePage.py 212][INFO]: 向定位方式 "xpath" 为 "//label[@for='description']/following-sibling::div/descendant::textarea" 的元素输入数据: "岗位介绍11111111111"
[2023-08-29 04:38:11,442][BasePage.py 60][INFO]: [Info:开始通过 "xpath" 查找元素 "//label[@for='description']/following-sibling::div/descendant::textarea"!]
[2023-08-29 04:38:11,854][screenshot_util.py 26][INFO]: Screenshot saved: D:\Python_Workspace\qgzxtest\screenshots\submit.png
[2023-08-29 04:38:11,854][BasePage.py 249][INFO]: 强制休眠 "1" 秒
[2023-08-29 04:38:12,854][BasePage.py 237][INFO]: 点击定位方式 "xpath" 为 "//div[@class='btns']/button[contains(span, '提交')]" 的元素
[2023-08-29 04:38:12,883][BasePage.py 111][INFO]: 元素 "//div[@class='btns']/button[contains(span, '提交')]" 可点击
[2023-08-29 04:38:13,467][test_add_position.py 44][INFO]: *************** 结束执行新增岗位成功用例 ***************
